<?xml version="1.0" encoding="UTF-8"?>
<!-- Generated by org.testng.reporters.JUnitReportReporter -->
<testsuite hostname="DESKTOP-5QPL10C" failures="0" tests="1" name="testCase.LoginTest" time="5.434" errors="0" timestamp="2023-12-20T12:27:18 IST" skipped="0">
  <testcase classname="testCase.LoginTest" name="verifyLogin" time="5.434"/>
</testsuite> <!-- testCase.LoginTest -->
